<?xml version="1.0" encoding="UTF-8"?>
<testng-results ignored="0" total="1" passed="1" failed="0" skipped="0">
  <reporter-output>
  </reporter-output>
  <suite started-at="2026-04-29T16:27:14 IST" name="Default suite" finished-at="2026-04-29T16:27:43 IST" duration-ms="29107">
    <groups>
    </groups>
    <test started-at="2026-04-29T16:27:14 IST" name="Default test" finished-at="2026-04-29T16:27:43 IST" duration-ms="29107">
      <class name="TestCase.Pledge_Invocation_TestCase">
        <test-method is-config="true" signature="setup()[pri:0, instance:TestCase.Pledge_Invocation_TestCase@29d89d5d]" started-at="2026-04-29T16:27:14 IST" name="setup" finished-at="2026-04-29T16:27:19 IST" duration-ms="5410" status="PASS">
          <reporter-output>
          </reporter-output>
        </test-method> <!-- setup -->
        <test-method signature="Pledge_Invocation_Request_Authorized()[pri:0, instance:TestCase.Pledge_Invocation_TestCase@29d89d5d]" started-at="2026-04-29T16:27:19 IST" name="Pledge_Invocation_Request_Authorized" finished-at="2026-04-29T16:27:43 IST" duration-ms="23661" status="PASS">
          <reporter-output>
          </reporter-output>
        </test-method> <!-- Pledge_Invocation_Request_Authorized -->
      </class> <!-- TestCase.Pledge_Invocation_TestCase -->
    </test> <!-- Default test -->
  </suite> <!-- Default suite -->
</testng-results>
