<?xml version="1.0" encoding="UTF-8"?>
<!-- Generated by org.testng.reporters.JUnitReportReporter -->
<testsuite hostname="CCRL-L-013" failures="0" tests="1" name="TestCase.General_Deposite_Agriculture_Multiple_GSL" time="14.071" errors="0" timestamp="2025-07-22T17:56:02 IST" skipped="0">
  <testcase classname="TestCase.General_Deposite_Agriculture_Multiple_GSL" name="Deposit_Confirm_WH_Checker" time="14.071"/>
  <system-out/>
</testsuite> <!-- TestCase.General_Deposite_Agriculture_Multiple_GSL -->
