<?xml version="1.0" encoding="UTF-8"?>
<!-- Generated by org.testng.reporters.JUnitReportReporter -->
<testsuite hostname="CCRL-L-013" failures="0" tests="1" name="TestCase.Pledgor_Margin_Depledge_TestCase" time="16.401" errors="0" timestamp="2025-11-07T17:38:09 IST" skipped="0">
  <testcase classname="TestCase.Pledgor_Margin_Depledge_TestCase" name="Pledgor_TM_Margin_DePledge_Request_Confirm_Checker" time="16.401"/>
  <system-out/>
</testsuite> <!-- TestCase.Pledgor_Margin_Depledge_TestCase -->
