<?xml version="1.0" encoding="UTF-8"?>
<!-- Generated by org.testng.reporters.JUnitReportReporter -->
<testsuite hostname="CCRL-L-013" failures="0" tests="1" name="TestCase.CR319_show_completed_transaction_data_for_the_relevant_modules_TestCase" time="35.929" errors="0" timestamp="2025-12-23T12:20:59 IST" skipped="0">
  <testcase classname="TestCase.CR319_show_completed_transaction_data_for_the_relevant_modules_TestCase" name="Depledge_Confirm_by_Pledgee_CR319" time="35.929"/>
  <system-out/>
</testsuite> <!-- TestCase.CR319_show_completed_transaction_data_for_the_relevant_modules_TestCase -->
