<?xml version="1.0" encoding="UTF-8"?>
<!-- Generated by org.testng.reporters.JUnitReportReporter -->
<testsuite hostname="CCRL-L-013" failures="0" tests="1" name="TestCase.CR318_Reports_WSPadmin_WH_login_and_Assayer_login_TestCase" time="26.463" errors="0" timestamp="2025-12-24T15:42:04 IST" skipped="0">
  <testcase classname="TestCase.CR318_Reports_WSPadmin_WH_login_and_Assayer_login_TestCase" name="Pledge_Creation_WareHouse_CR318" time="26.463"/>
  <system-out/>
</testsuite> <!-- TestCase.CR318_Reports_WSPadmin_WH_login_and_Assayer_login_TestCase -->
