<?xml version="1.0" encoding="UTF-8"?>
<!-- Generated by org.testng.reporters.JUnitReportReporter -->
<testsuite hostname="CCRL-L-013" failures="0" tests="1" name="TestCase.Exchange_Deposite_Agriculture_Multiple_GSL_TestCase" time="306.451" errors="0" timestamp="2026-04-22T11:56:13 IST" skipped="0">
  <testcase classname="TestCase.Exchange_Deposite_Agriculture_Multiple_GSL_TestCase" name="Deposit_Confirm_WH_Checker" time="306.451"/>
  <system-out/>
</testsuite> <!-- TestCase.Exchange_Deposite_Agriculture_Multiple_GSL_TestCase -->
