<?xml version="1.0" encoding="UTF-8"?>
<!-- Generated by org.testng.reporters.JUnitReportReporter -->
<testsuite hostname="CCRL-L-013" failures="0" tests="1" name="TestCase.Exchange_Deposite_Non_Agriculture_TestCase" time="62.590" errors="0" timestamp="2025-11-16T13:32:04 IST" skipped="0">
  <testcase classname="TestCase.Exchange_Deposite_Non_Agriculture_TestCase" name="DashBoard_WareHouse_Maker" time="62.590"/>
  <system-out/>
</testsuite> <!-- TestCase.Exchange_Deposite_Non_Agriculture_TestCase -->
