<?xml version="1.0" encoding="UTF-8"?>
<!-- Generated by org.testng.reporters.JUnitReportReporter -->
<testsuite hostname="CCRL-L-013" failures="0" tests="1" name="TestCase.General_Deposite_Agriculture_Multiple_GSL_TestCase" time="98.911" errors="0" timestamp="2026-03-12T12:54:13 IST" skipped="0">
  <testcase classname="TestCase.General_Deposite_Agriculture_Multiple_GSL_TestCase" name="RP_Deposite_Request_Maker" time="98.911"/>
  <system-out/>
</testsuite> <!-- TestCase.General_Deposite_Agriculture_Multiple_GSL_TestCase -->
